TpTrace Verbose: 0 : 8720, 1, 2025/04/06, 12:47:08.964, 538861056225, vstest.console.dll, Version: 17.13.0-release-25073-05 Current process architecture: X64
TpTrace Verbose: 0 : 8720, 1, 2025/04/06, 12:47:08.969, 538861108250, vstest.console.dll, Runtime location: C:\Program Files\dotnet\shared\Microsoft.NETCore.App\9.0.3
TpTrace Information: 0 : 8720, 1, 2025/04/06, 12:47:08.973, 538861146257, vstest.console.dll, Using .Net Framework version:.NETCoreApp,Version=v8.0
TpTrace Verbose: 0 : 8720, 1, 2025/04/06, 12:47:08.973, 538861148542, vstest.console.dll, ArtifactProcessingPostProcessModeProcessorExecutor.Initialize: ArtifactProcessingMode.Collect
TpTrace Verbose: 0 : 8720, 1, 2025/04/06, 12:47:08.973, 538861149906, vstest.console.dll, TestSessionCorrelationIdProcessorModeProcessorExecutor.Initialize: TestSessionCorrelationId '11524_69e62063-46a1-4257-b6f5-bac437954bef'
TpTrace Information: 0 : 8720, 1, 2025/04/06, 12:47:08.978, 538861202089, vstest.console.dll, FilePatternParser: The given file C:\Users\pc\EmployeeOnboard\EmployeeOnboard.Tests\bin\Debug\net8.0\EmployeeOnboard.Tests.dll is a full path.
TpTrace Verbose: 0 : 8720, 1, 2025/04/06, 12:47:08.986, 538861273797, vstest.console.dll, TestPluginCache.DiscoverTestExtensions: finding test extensions in assemblies ends with: RuntimeProvider.dll TPluginInfo: Microsoft.VisualStudio.TestPlatform.Common.ExtensionFramework.Utilities.TestRuntimePluginInformation TExtension: Microsoft.VisualStudio.TestPlatform.ObjectModel.Host.ITestRuntimeProvider
TpTrace Verbose: 0 : 8720, 1, 2025/04/06, 12:47:08.986, 538861279330, vstest.console.dll, TestPluginCache.GetExtensionPaths: Filtered extension paths: 
TpTrace Verbose: 0 : 8720, 1, 2025/04/06, 12:47:08.986, 538861280657, vstest.console.dll, TestPluginCache.GetExtensionPaths: Added default extension paths: C:\Program Files\dotnet\sdk\9.0.201\Extensions\Microsoft.Diagnostics.NETCore.Client.dll
C:\Program Files\dotnet\sdk\9.0.201\Extensions\Microsoft.TestPlatform.Extensions.BlameDataCollector.dll
C:\Program Files\dotnet\sdk\9.0.201\Extensions\Microsoft.TestPlatform.Extensions.EventLogCollector.dll
C:\Program Files\dotnet\sdk\9.0.201\Extensions\Microsoft.TestPlatform.TestHostRuntimeProvider.dll
C:\Program Files\dotnet\sdk\9.0.201\Extensions\Microsoft.VisualStudio.TestPlatform.Extensions.Html.TestLogger.dll
C:\Program Files\dotnet\sdk\9.0.201\Extensions\Microsoft.VisualStudio.TestPlatform.Extensions.Trx.TestLogger.dll
TpTrace Verbose: 0 : 8720, 1, 2025/04/06, 12:47:08.986, 538861281232, vstest.console.dll, TestPluginCache.GetExtensionPaths: Added unfilterableExtensionPaths: 
TpTrace Information: 0 : 8720, 1, 2025/04/06, 12:47:08.987, 538861289915, vstest.console.dll, AssemblyResolver.ctor: Creating AssemblyResolver with searchDirectories C:\Program Files\dotnet\sdk\9.0.201\Extensions,C:\Program Files\dotnet\sdk\9.0.201
TpTrace Verbose: 0 : 8720, 1, 2025/04/06, 12:47:08.989, 538861308078, vstest.console.dll, TestPluginCache.DiscoverTestExtensions: Discovering the extensions using extension path.
TpTrace Verbose: 0 : 8720, 1, 2025/04/06, 12:47:08.989, 538861310388, vstest.console.dll, TestPluginCache.GetExtensionPaths: Filtered extension paths: 
TpTrace Verbose: 0 : 8720, 1, 2025/04/06, 12:47:08.989, 538861311032, vstest.console.dll, TestPluginCache.GetExtensionPaths: Added default extension paths: C:\Program Files\dotnet\sdk\9.0.201\Extensions\Microsoft.Diagnostics.NETCore.Client.dll
C:\Program Files\dotnet\sdk\9.0.201\Extensions\Microsoft.TestPlatform.Extensions.BlameDataCollector.dll
C:\Program Files\dotnet\sdk\9.0.201\Extensions\Microsoft.TestPlatform.Extensions.EventLogCollector.dll
C:\Program Files\dotnet\sdk\9.0.201\Extensions\Microsoft.TestPlatform.TestHostRuntimeProvider.dll
C:\Program Files\dotnet\sdk\9.0.201\Extensions\Microsoft.VisualStudio.TestPlatform.Extensions.Html.TestLogger.dll
C:\Program Files\dotnet\sdk\9.0.201\Extensions\Microsoft.VisualStudio.TestPlatform.Extensions.Trx.TestLogger.dll
TpTrace Verbose: 0 : 8720, 1, 2025/04/06, 12:47:08.989, 538861311585, vstest.console.dll, TestPluginCache.GetExtensionPaths: Added unfilterableExtensionPaths: 
TpTrace Verbose: 0 : 8720, 1, 2025/04/06, 12:47:08.990, 538861313405, vstest.console.dll, TestPluginCache.DiscoverTestExtensions: Discovering the extensions using allExtensionPaths: C:\Program Files\dotnet\sdk\9.0.201\Extensions\Microsoft.Diagnostics.NETCore.Client.dll
C:\Program Files\dotnet\sdk\9.0.201\Extensions\Microsoft.TestPlatform.Extensions.BlameDataCollector.dll
C:\Program Files\dotnet\sdk\9.0.201\Extensions\Microsoft.TestPlatform.Extensions.EventLogCollector.dll
C:\Program Files\dotnet\sdk\9.0.201\Extensions\Microsoft.TestPlatform.TestHostRuntimeProvider.dll
C:\Program Files\dotnet\sdk\9.0.201\Extensions\Microsoft.VisualStudio.TestPlatform.Extensions.Html.TestLogger.dll
C:\Program Files\dotnet\sdk\9.0.201\Extensions\Microsoft.VisualStudio.TestPlatform.Extensions.Trx.TestLogger.dll
TpTrace Information: 0 : 8720, 1, 2025/04/06, 12:47:08.990, 538861315288, vstest.console.dll, AssemblyResolver.AddSearchDirectories: Adding more searchDirectories C:\Program Files\dotnet\sdk\9.0.201\Extensions,C:\Program Files\dotnet\sdk\9.0.201
TpTrace Information: 0 : 8720, 1, 2025/04/06, 12:47:08.990, 538861316134, vstest.console.dll, AssemblyResolver.AddSearchDirectories: Adding more searchDirectories C:\Program Files\dotnet\sdk\9.0.201\Extensions,C:\Program Files\dotnet\sdk\9.0.201
TpTrace Information: 0 : 8720, 1, 2025/04/06, 12:47:08.990, 538861316643, vstest.console.dll, AssemblyResolver.AddSearchDirectories: Adding more searchDirectories C:\Program Files\dotnet\sdk\9.0.201\Extensions,C:\Program Files\dotnet\sdk\9.0.201
TpTrace Information: 0 : 8720, 1, 2025/04/06, 12:47:08.990, 538861317173, vstest.console.dll, AssemblyResolver.AddSearchDirectories: Adding more searchDirectories C:\Program Files\dotnet\sdk\9.0.201\Extensions,C:\Program Files\dotnet\sdk\9.0.201
TpTrace Information: 0 : 8720, 1, 2025/04/06, 12:47:08.990, 538861317572, vstest.console.dll, AssemblyResolver.AddSearchDirectories: Adding more searchDirectories C:\Program Files\dotnet\sdk\9.0.201\Extensions,C:\Program Files\dotnet\sdk\9.0.201
TpTrace Information: 0 : 8720, 1, 2025/04/06, 12:47:08.990, 538861318007, vstest.console.dll, AssemblyResolver.AddSearchDirectories: Adding more searchDirectories C:\Program Files\dotnet\sdk\9.0.201\Extensions,C:\Program Files\dotnet\sdk\9.0.201
TpTrace Information: 0 : 8720, 1, 2025/04/06, 12:47:08.991, 538861325930, vstest.console.dll, AssemblyResolver.OnResolve: Microsoft.Diagnostics.NETCore.Client: Resolving assembly.
TpTrace Information: 0 : 8720, 1, 2025/04/06, 12:47:08.991, 538861327524, vstest.console.dll, AssemblyResolver.OnResolve: Microsoft.Diagnostics.NETCore.Client: Searching in: 'C:\Program Files\dotnet\sdk\9.0.201\Extensions'.
TpTrace Information: 0 : 8720, 1, 2025/04/06, 12:47:09.012, 538861537384, vstest.console.dll, AssemblyResolver.OnResolve: Microsoft.Diagnostics.NETCore.Client: Loading assembly 'C:\Program Files\dotnet\sdk\9.0.201\Extensions\Microsoft.Diagnostics.NETCore.Client.dll'.
TpTrace Information: 0 : 8720, 1, 2025/04/06, 12:47:09.013, 538861546159, vstest.console.dll, AssemblyResolver.OnResolve: Resolved assembly: Microsoft.Diagnostics.NETCore.Client, from path: C:\Program Files\dotnet\sdk\9.0.201\Extensions\Microsoft.Diagnostics.NETCore.Client.dll
TpTrace Verbose: 0 : 8720, 1, 2025/04/06, 12:47:09.015, 538861563061, vstest.console.dll, MetadataReaderExtensionsHelper: Discovering extensions inside assembly 'Microsoft.Diagnostics.NETCore.Client, Version=0.2.11.6601, Culture=neutral, PublicKeyToken=31bf3856ad364e35' file path 'C:\Program Files\dotnet\sdk\9.0.201\Extensions\Microsoft.Diagnostics.NETCore.Client.dll'
TpTrace Information: 0 : 8720, 1, 2025/04/06, 12:47:09.020, 538861618882, vstest.console.dll, AssemblyResolver.OnResolve: Microsoft.Bcl.AsyncInterfaces: Resolving assembly.
TpTrace Information: 0 : 8720, 1, 2025/04/06, 12:47:09.020, 538861620515, vstest.console.dll, AssemblyResolver.OnResolve: Microsoft.Bcl.AsyncInterfaces: Searching in: 'C:\Program Files\dotnet\sdk\9.0.201\Extensions'.
TpTrace Information: 0 : 8720, 1, 2025/04/06, 12:47:09.020, 538861621915, vstest.console.dll, AssemblyResolver.OnResolve: Microsoft.Bcl.AsyncInterfaces: Assembly path does not exist: 'C:\Program Files\dotnet\sdk\9.0.201\Extensions\Microsoft.Bcl.AsyncInterfaces.dll', returning.
TpTrace Information: 0 : 8720, 1, 2025/04/06, 12:47:09.021, 538861623531, vstest.console.dll, AssemblyResolver.OnResolve: Microsoft.Bcl.AsyncInterfaces: Assembly path does not exist: 'C:\Program Files\dotnet\sdk\9.0.201\Extensions\Microsoft.Bcl.AsyncInterfaces.exe', returning.
TpTrace Information: 0 : 8720, 1, 2025/04/06, 12:47:09.021, 538861624080, vstest.console.dll, AssemblyResolver.OnResolve: Microsoft.Bcl.AsyncInterfaces: Searching in: 'C:\Program Files\dotnet\sdk\9.0.201'.
TpTrace Information: 0 : 8720, 1, 2025/04/06, 12:47:09.021, 538861624919, vstest.console.dll, AssemblyResolver.OnResolve: Microsoft.Bcl.AsyncInterfaces: Assembly path does not exist: 'C:\Program Files\dotnet\sdk\9.0.201\Microsoft.Bcl.AsyncInterfaces.dll', returning.
TpTrace Information: 0 : 8720, 1, 2025/04/06, 12:47:09.021, 538861625890, vstest.console.dll, AssemblyResolver.OnResolve: Microsoft.Bcl.AsyncInterfaces: Assembly path does not exist: 'C:\Program Files\dotnet\sdk\9.0.201\Microsoft.Bcl.AsyncInterfaces.exe', returning.
TpTrace Information: 0 : 8720, 1, 2025/04/06, 12:47:09.021, 538861626345, vstest.console.dll, AssemblyResolver.OnResolve: Microsoft.Bcl.AsyncInterfaces: Failed to load assembly.
TpTrace Verbose: 0 : 8720, 1, 2025/04/06, 12:47:09.021, 538861626960, vstest.console.dll, CurrentDomainAssemblyResolve: Resolving assembly 'Microsoft.Bcl.AsyncInterfaces'.
TpTrace Information: 0 : 8720, 1, 2025/04/06, 12:47:09.021, 538861627869, vstest.console.dll, AssemblyResolver.OnResolve: Microsoft.Bcl.AsyncInterfaces: Resolving assembly.
TpTrace Information: 0 : 8720, 1, 2025/04/06, 12:47:09.021, 538861628484, vstest.console.dll, AssemblyResolver.OnResolve: Microsoft.Bcl.AsyncInterfaces: Resolved from cache.
TpTrace Verbose: 0 : 8720, 1, 2025/04/06, 12:47:09.021, 538861629012, vstest.console.dll, CurrentDomainAssemblyResolve: Resolving assembly 'Microsoft.Bcl.AsyncInterfaces'.
TpTrace Verbose: 0 : 8720, 1, 2025/04/06, 12:47:09.021, 538861629555, vstest.console.dll, CurrentDomainAssemblyResolve: Failed to resolve assembly 'Microsoft.Bcl.AsyncInterfaces'.
TpTrace Verbose: 0 : 8720, 1, 2025/04/06, 12:47:09.022, 538861639405, vstest.console.dll, CurrentDomainAssemblyResolve: Failed to resolve assembly 'Microsoft.Bcl.AsyncInterfaces'.
TpTrace Warning: 0 : 8720, 1, 2025/04/06, 12:47:09.039, 538861810128, vstest.console.dll, TestPluginDiscoverer: Failed to get types from assembly 'Microsoft.Diagnostics.NETCore.Client, Version=0.2.11.6601, Culture=neutral, PublicKeyToken=31bf3856ad364e35'. Error: System.Reflection.ReflectionTypeLoadException: Unable to load one or more of the requested types.
Could not load file or assembly 'Microsoft.Bcl.AsyncInterfaces, Version=6.0.0.0, Culture=neutral, PublicKeyToken=cc7b13ffcd2ddd51'. The system cannot find the file specified.
   at System.Reflection.RuntimeModule.GetDefinedTypes()
   at System.Reflection.RuntimeModule.GetTypes()
   at Microsoft.VisualStudio.TestPlatform.Common.ExtensionFramework.TestPluginDiscoverer.GetTestExtensionsFromAssembly[TPluginInfo,TExtension](Assembly assembly, Dictionary`2 pluginInfos, String filePath) in /_/src/Microsoft.TestPlatform.Common/ExtensionFramework/TestPluginDiscoverer.cs:line 159
System.IO.FileNotFoundException: Could not load file or assembly 'Microsoft.Bcl.AsyncInterfaces, Version=6.0.0.0, Culture=neutral, PublicKeyToken=cc7b13ffcd2ddd51'. The system cannot find the file specified.
File name: 'Microsoft.Bcl.AsyncInterfaces, Version=6.0.0.0, Culture=neutral, PublicKeyToken=cc7b13ffcd2ddd51'
 ---> System.IO.FileNotFoundException: Could not load file or assembly 'Microsoft.Bcl.AsyncInterfaces, Culture=neutral, PublicKeyToken=null'. The system cannot find the file specified.
File name: 'Microsoft.Bcl.AsyncInterfaces, Culture=neutral, PublicKeyToken=null'
   at System.Reflection.RuntimeAssembly.InternalLoad(AssemblyName assemblyName, StackCrawlMark& stackMark, AssemblyLoadContext assemblyLoadContext, RuntimeAssembly requestingAssembly, Boolean throwOnFileNotFound)
   at System.Reflection.Assembly.Load(AssemblyName assemblyRef)
   at Microsoft.VisualStudio.TestPlatform.Common.ExtensionFramework.TestPluginCache.CurrentDomainAssemblyResolve(Object sender, AssemblyResolveEventArgs args) in /_/src/Microsoft.TestPlatform.Common/ExtensionFramework/TestPluginCache.cs:line 514
   at System.Runtime.Loader.AssemblyLoadContext.GetFirstResolvedAssemblyFromResolvingEvent(AssemblyName assemblyName)
   at System.Runtime.Loader.AssemblyLoadContext.ResolveUsingEvent(AssemblyName assemblyName)
   at System.Runtime.Loader.AssemblyLoadContext.ResolveUsingResolvingEvent(IntPtr gchManagedAssemblyLoadContext, AssemblyName assemblyName)
TpTrace Warning: 0 : 8720, 1, 2025/04/06, 12:47:09.040, 538861815892, vstest.console.dll, LoaderExceptions: System.IO.FileNotFoundException: Could not load file or assembly 'Microsoft.Bcl.AsyncInterfaces, Version=6.0.0.0, Culture=neutral, PublicKeyToken=cc7b13ffcd2ddd51'. The system cannot find the file specified.
File name: 'Microsoft.Bcl.AsyncInterfaces, Version=6.0.0.0, Culture=neutral, PublicKeyToken=cc7b13ffcd2ddd51'
 ---> System.IO.FileNotFoundException: Could not load file or assembly 'Microsoft.Bcl.AsyncInterfaces, Culture=neutral, PublicKeyToken=null'. The system cannot find the file specified.
File name: 'Microsoft.Bcl.AsyncInterfaces, Culture=neutral, PublicKeyToken=null'
   at System.Reflection.RuntimeAssembly.InternalLoad(AssemblyName assemblyName, StackCrawlMark& stackMark, AssemblyLoadContext assemblyLoadContext, RuntimeAssembly requestingAssembly, Boolean throwOnFileNotFound)
   at System.Reflection.Assembly.Load(AssemblyName assemblyRef)
   at Microsoft.VisualStudio.TestPlatform.Common.ExtensionFramework.TestPluginCache.CurrentDomainAssemblyResolve(Object sender, AssemblyResolveEventArgs args) in /_/src/Microsoft.TestPlatform.Common/ExtensionFramework/TestPluginCache.cs:line 514
   at System.Runtime.Loader.AssemblyLoadContext.GetFirstResolvedAssemblyFromResolvingEvent(AssemblyName assemblyName)
   at System.Runtime.Loader.AssemblyLoadContext.ResolveUsingEvent(AssemblyName assemblyName)
   at System.Runtime.Loader.AssemblyLoadContext.ResolveUsingResolvingEvent(IntPtr gchManagedAssemblyLoadContext, AssemblyName assemblyName)
TpTrace Information: 0 : 8720, 1, 2025/04/06, 12:47:09.040, 538861818605, vstest.console.dll, AssemblyResolver.OnResolve: Microsoft.TestPlatform.Extensions.BlameDataCollector: Resolving assembly.
TpTrace Information: 0 : 8720, 1, 2025/04/06, 12:47:09.040, 538861819394, vstest.console.dll, AssemblyResolver.OnResolve: Microsoft.TestPlatform.Extensions.BlameDataCollector: Searching in: 'C:\Program Files\dotnet\sdk\9.0.201\Extensions'.
TpTrace Information: 0 : 8720, 1, 2025/04/06, 12:47:09.041, 538861823825, vstest.console.dll, AssemblyResolver.OnResolve: Microsoft.TestPlatform.Extensions.BlameDataCollector: Loading assembly 'C:\Program Files\dotnet\sdk\9.0.201\Extensions\Microsoft.TestPlatform.Extensions.BlameDataCollector.dll'.
TpTrace Information: 0 : 8720, 1, 2025/04/06, 12:47:09.041, 538861831199, vstest.console.dll, AssemblyResolver.OnResolve: Resolved assembly: Microsoft.TestPlatform.Extensions.BlameDataCollector, from path: C:\Program Files\dotnet\sdk\9.0.201\Extensions\Microsoft.TestPlatform.Extensions.BlameDataCollector.dll
TpTrace Verbose: 0 : 8720, 1, 2025/04/06, 12:47:09.042, 538861832816, vstest.console.dll, MetadataReaderExtensionsHelper: Discovering extensions inside assembly 'Microsoft.TestPlatform.Extensions.BlameDataCollector, Version=15.0.0.0, Culture=neutral, PublicKeyToken=b03f5f7f11d50a3a' file path 'C:\Program Files\dotnet\sdk\9.0.201\Extensions\Microsoft.TestPlatform.Extensions.BlameDataCollector.dll'
TpTrace Information: 0 : 8720, 1, 2025/04/06, 12:47:09.044, 538861861083, vstest.console.dll, AssemblyResolver.OnResolve: Microsoft.TestPlatform.Extensions.EventLogCollector: Resolving assembly.
TpTrace Information: 0 : 8720, 1, 2025/04/06, 12:47:09.045, 538861862542, vstest.console.dll, AssemblyResolver.OnResolve: Microsoft.TestPlatform.Extensions.EventLogCollector: Searching in: 'C:\Program Files\dotnet\sdk\9.0.201\Extensions'.
TpTrace Information: 0 : 8720, 1, 2025/04/06, 12:47:09.045, 538861867692, vstest.console.dll, AssemblyResolver.OnResolve: Microsoft.TestPlatform.Extensions.EventLogCollector: Loading assembly 'C:\Program Files\dotnet\sdk\9.0.201\Extensions\Microsoft.TestPlatform.Extensions.EventLogCollector.dll'.
TpTrace Information: 0 : 8720, 1, 2025/04/06, 12:47:09.046, 538861873124, vstest.console.dll, AssemblyResolver.OnResolve: Resolved assembly: Microsoft.TestPlatform.Extensions.EventLogCollector, from path: C:\Program Files\dotnet\sdk\9.0.201\Extensions\Microsoft.TestPlatform.Extensions.EventLogCollector.dll
TpTrace Verbose: 0 : 8720, 1, 2025/04/06, 12:47:09.046, 538861874481, vstest.console.dll, MetadataReaderExtensionsHelper: Discovering extensions inside assembly 'Microsoft.TestPlatform.Extensions.EventLogCollector, Version=15.0.0.0, Culture=neutral, PublicKeyToken=b03f5f7f11d50a3a' file path 'C:\Program Files\dotnet\sdk\9.0.201\Extensions\Microsoft.TestPlatform.Extensions.EventLogCollector.dll'
TpTrace Information: 0 : 8720, 1, 2025/04/06, 12:47:09.048, 538861902465, vstest.console.dll, AssemblyResolver.OnResolve: Microsoft.TestPlatform.TestHostRuntimeProvider: Resolving assembly.
TpTrace Information: 0 : 8720, 1, 2025/04/06, 12:47:09.049, 538861903743, vstest.console.dll, AssemblyResolver.OnResolve: Microsoft.TestPlatform.TestHostRuntimeProvider: Searching in: 'C:\Program Files\dotnet\sdk\9.0.201\Extensions'.
TpTrace Information: 0 : 8720, 1, 2025/04/06, 12:47:09.049, 538861907762, vstest.console.dll, AssemblyResolver.OnResolve: Microsoft.TestPlatform.TestHostRuntimeProvider: Loading assembly 'C:\Program Files\dotnet\sdk\9.0.201\Extensions\Microsoft.TestPlatform.TestHostRuntimeProvider.dll'.
TpTrace Information: 0 : 8720, 1, 2025/04/06, 12:47:09.050, 538861914547, vstest.console.dll, AssemblyResolver.OnResolve: Resolved assembly: Microsoft.TestPlatform.TestHostRuntimeProvider, from path: C:\Program Files\dotnet\sdk\9.0.201\Extensions\Microsoft.TestPlatform.TestHostRuntimeProvider.dll
TpTrace Verbose: 0 : 8720, 1, 2025/04/06, 12:47:09.050, 538861915896, vstest.console.dll, MetadataReaderExtensionsHelper: Discovering extensions inside assembly 'Microsoft.TestPlatform.TestHostRuntimeProvider, Version=15.0.0.0, Culture=neutral, PublicKeyToken=b03f5f7f11d50a3a' file path 'C:\Program Files\dotnet\sdk\9.0.201\Extensions\Microsoft.TestPlatform.TestHostRuntimeProvider.dll'
TpTrace Information: 0 : 8720, 1, 2025/04/06, 12:47:09.052, 538861941122, vstest.console.dll, GetTestExtensionFromType: Register extension with identifier data 'HostProvider://DefaultTestHost' and type 'Microsoft.VisualStudio.TestPlatform.CrossPlatEngine.Hosting.DefaultTestHostManager, Microsoft.TestPlatform.TestHostRuntimeProvider, Version=15.0.0.0, Culture=neutral, PublicKeyToken=b03f5f7f11d50a3a' inside file 'C:\Program Files\dotnet\sdk\9.0.201\Extensions\Microsoft.TestPlatform.TestHostRuntimeProvider.dll'
TpTrace Information: 0 : 8720, 1, 2025/04/06, 12:47:09.057, 538861982987, vstest.console.dll, GetTestExtensionFromType: Register extension with identifier data 'HostProvider://DotnetTestHost' and type 'Microsoft.VisualStudio.TestPlatform.CrossPlatEngine.Hosting.DotnetTestHostManager, Microsoft.TestPlatform.TestHostRuntimeProvider, Version=15.0.0.0, Culture=neutral, PublicKeyToken=b03f5f7f11d50a3a' inside file 'C:\Program Files\dotnet\sdk\9.0.201\Extensions\Microsoft.TestPlatform.TestHostRuntimeProvider.dll'
TpTrace Information: 0 : 8720, 1, 2025/04/06, 12:47:09.057, 538861985091, vstest.console.dll, AssemblyResolver.OnResolve: Microsoft.VisualStudio.TestPlatform.Extensions.Html.TestLogger: Resolving assembly.
TpTrace Information: 0 : 8720, 1, 2025/04/06, 12:47:09.057, 538861985858, vstest.console.dll, AssemblyResolver.OnResolve: Microsoft.VisualStudio.TestPlatform.Extensions.Html.TestLogger: Searching in: 'C:\Program Files\dotnet\sdk\9.0.201\Extensions'.
TpTrace Information: 0 : 8720, 1, 2025/04/06, 12:47:09.057, 538861990319, vstest.console.dll, AssemblyResolver.OnResolve: Microsoft.VisualStudio.TestPlatform.Extensions.Html.TestLogger: Loading assembly 'C:\Program Files\dotnet\sdk\9.0.201\Extensions\Microsoft.VisualStudio.TestPlatform.Extensions.Html.TestLogger.dll'.
TpTrace Information: 0 : 8720, 1, 2025/04/06, 12:47:09.058, 538861997774, vstest.console.dll, AssemblyResolver.OnResolve: Resolved assembly: Microsoft.VisualStudio.TestPlatform.Extensions.Html.TestLogger, from path: C:\Program Files\dotnet\sdk\9.0.201\Extensions\Microsoft.VisualStudio.TestPlatform.Extensions.Html.TestLogger.dll
TpTrace Verbose: 0 : 8720, 1, 2025/04/06, 12:47:09.058, 538861999228, vstest.console.dll, MetadataReaderExtensionsHelper: Discovering extensions inside assembly 'Microsoft.VisualStudio.TestPlatform.Extensions.Html.TestLogger, Version=15.0.0.0, Culture=neutral, PublicKeyToken=b03f5f7f11d50a3a' file path 'C:\Program Files\dotnet\sdk\9.0.201\Extensions\Microsoft.VisualStudio.TestPlatform.Extensions.Html.TestLogger.dll'
TpTrace Information: 0 : 8720, 1, 2025/04/06, 12:47:09.059, 538862010260, vstest.console.dll, AssemblyResolver.OnResolve: Microsoft.VisualStudio.TestPlatform.Extensions.Trx.TestLogger: Resolving assembly.
TpTrace Information: 0 : 8720, 1, 2025/04/06, 12:47:09.059, 538862011574, vstest.console.dll, AssemblyResolver.OnResolve: Microsoft.VisualStudio.TestPlatform.Extensions.Trx.TestLogger: Searching in: 'C:\Program Files\dotnet\sdk\9.0.201\Extensions'.
TpTrace Information: 0 : 8720, 1, 2025/04/06, 12:47:09.060, 538862016313, vstest.console.dll, AssemblyResolver.OnResolve: Microsoft.VisualStudio.TestPlatform.Extensions.Trx.TestLogger: Loading assembly 'C:\Program Files\dotnet\sdk\9.0.201\Extensions\Microsoft.VisualStudio.TestPlatform.Extensions.Trx.TestLogger.dll'.
TpTrace Information: 0 : 8720, 1, 2025/04/06, 12:47:09.061, 538862025529, vstest.console.dll, AssemblyResolver.OnResolve: Resolved assembly: Microsoft.VisualStudio.TestPlatform.Extensions.Trx.TestLogger, from path: C:\Program Files\dotnet\sdk\9.0.201\Extensions\Microsoft.VisualStudio.TestPlatform.Extensions.Trx.TestLogger.dll
TpTrace Verbose: 0 : 8720, 1, 2025/04/06, 12:47:09.061, 538862027566, vstest.console.dll, MetadataReaderExtensionsHelper: Discovering extensions inside assembly 'Microsoft.VisualStudio.TestPlatform.Extensions.Trx.TestLogger, Version=15.0.0.0, Culture=neutral, PublicKeyToken=b03f5f7f11d50a3a' file path 'C:\Program Files\dotnet\sdk\9.0.201\Extensions\Microsoft.VisualStudio.TestPlatform.Extensions.Trx.TestLogger.dll'
TpTrace Verbose: 0 : 8720, 1, 2025/04/06, 12:47:09.063, 538862044430, vstest.console.dll, TestPluginCache: Discovered the extensions using extension path ''.
TpTrace Verbose: 0 : 8720, 1, 2025/04/06, 12:47:09.063, 538862045791, vstest.console.dll, TestPluginCache: Discoverers are ''.
TpTrace Verbose: 0 : 8720, 1, 2025/04/06, 12:47:09.063, 538862046287, vstest.console.dll, TestPluginCache: Executors are ''.
TpTrace Verbose: 0 : 8720, 1, 2025/04/06, 12:47:09.063, 538862046697, vstest.console.dll, TestPluginCache: Executors2 are ''.
TpTrace Verbose: 0 : 8720, 1, 2025/04/06, 12:47:09.063, 538862047060, vstest.console.dll, TestPluginCache: Setting providers are ''.
TpTrace Verbose: 0 : 8720, 1, 2025/04/06, 12:47:09.063, 538862047439, vstest.console.dll, TestPluginCache: Loggers are ''.
TpTrace Verbose: 0 : 8720, 1, 2025/04/06, 12:47:09.063, 538862051138, vstest.console.dll, TestPluginCache: TestHosts are 'HostProvider://DefaultTestHost,HostProvider://DotnetTestHost'.
TpTrace Verbose: 0 : 8720, 1, 2025/04/06, 12:47:09.063, 538862052214, vstest.console.dll, TestPluginCache: DataCollectors are ''.
TpTrace Information: 0 : 8720, 1, 2025/04/06, 12:47:09.093, 538862349681, vstest.console.dll, RunTestsArgumentProcessor:Execute: Test run is starting.
TpTrace Verbose: 0 : 8720, 1, 2025/04/06, 12:47:09.093, 538862351195, vstest.console.dll, RunTestsArgumentProcessor:Execute: Queuing Test run.
TpTrace Information: 0 : 8720, 1, 2025/04/06, 12:47:09.094, 538862355676, vstest.console.dll, TestRequestManager.RunTests: run tests started.
TpTrace Information: 0 : 8720, 1, 2025/04/06, 12:47:09.096, 538862382460, vstest.console.dll, AssemblyMetadataProvider.GetFrameworkName: Determined framework:'.NETCoreApp,Version=v8.0' for source: 'C:\Users\pc\EmployeeOnboard\EmployeeOnboard.Tests\bin\Debug\net8.0\EmployeeOnboard.Tests.dll'
TpTrace Information: 0 : 8720, 1, 2025/04/06, 12:47:09.097, 538862385607, vstest.console.dll, Determined framework for all sources: .NETCoreApp,Version=v8.0
TpTrace Verbose: 0 : 8720, 1, 2025/04/06, 12:47:09.097, 538862389629, vstest.console.dll, TestRequestManager.UpdateRunSettingsIfRequired: Default architecture: X64 IsDefaultTargetArchitecture: True, Current process architecture: X64 OperatingSystem: Windows.
TpTrace Information: 0 : 8720, 1, 2025/04/06, 12:47:09.100, 538862421795, vstest.console.dll, AssemblyMetadataProvider.GetArchitecture: Determined architecture:AnyCPU info for assembly: C:\Users\pc\EmployeeOnboard\EmployeeOnboard.Tests\bin\Debug\net8.0\EmployeeOnboard.Tests.dll
TpTrace Information: 0 : 8720, 1, 2025/04/06, 12:47:09.101, 538862423027, vstest.console.dll, Determined platform for source 'C:\Users\pc\EmployeeOnboard\EmployeeOnboard.Tests\bin\Debug\net8.0\EmployeeOnboard.Tests.dll' was AnyCPU and it will use the default plaform X64.
TpTrace Information: 0 : 8720, 1, 2025/04/06, 12:47:09.101, 538862423501, vstest.console.dll, None of the sources provided any runnable platform, using the default platform: X64
TpTrace Information: 0 : 8720, 1, 2025/04/06, 12:47:09.101, 538862425740, vstest.console.dll, Platform was updated to 'X64'.
TpTrace Information: 0 : 8720, 1, 2025/04/06, 12:47:09.104, 538862454391, vstest.console.dll, Compatible sources list: 
TpTrace Information: 0 : 8720, 1, 2025/04/06, 12:47:09.104, 538862455730, vstest.console.dll, C:\Users\pc\EmployeeOnboard\EmployeeOnboard.Tests\bin\Debug\net8.0\EmployeeOnboard.Tests.dll
TpTrace Information: 0 : 8720, 1, 2025/04/06, 12:47:09.108, 538862499139, vstest.console.dll, InferRunSettingsHelper.IsTestSettingsEnabled: Unable to navigate to RunSettings/MSTest. Current node: RunSettings
TpTrace Information: 0 : 8720, 1, 2025/04/06, 12:47:09.109, 538862510399, vstest.console.dll, AssemblyResolver.OnResolve: Microsoft.VisualStudio.TestPlatform.Fakes: Resolving assembly.
TpTrace Information: 0 : 8720, 1, 2025/04/06, 12:47:09.109, 538862511820, vstest.console.dll, AssemblyResolver.OnResolve: Microsoft.VisualStudio.TestPlatform.Fakes: Searching in: 'C:\Program Files\dotnet\sdk\9.0.201\Extensions'.
TpTrace Information: 0 : 8720, 1, 2025/04/06, 12:47:09.110, 538862512955, vstest.console.dll, AssemblyResolver.OnResolve: Microsoft.VisualStudio.TestPlatform.Fakes: Assembly path does not exist: 'C:\Program Files\dotnet\sdk\9.0.201\Extensions\Microsoft.VisualStudio.TestPlatform.Fakes.dll', returning.
TpTrace Information: 0 : 8720, 1, 2025/04/06, 12:47:09.110, 538862514072, vstest.console.dll, AssemblyResolver.OnResolve: Microsoft.VisualStudio.TestPlatform.Fakes: Assembly path does not exist: 'C:\Program Files\dotnet\sdk\9.0.201\Extensions\Microsoft.VisualStudio.TestPlatform.Fakes.exe', returning.
TpTrace Information: 0 : 8720, 1, 2025/04/06, 12:47:09.110, 538862514519, vstest.console.dll, AssemblyResolver.OnResolve: Microsoft.VisualStudio.TestPlatform.Fakes: Searching in: 'C:\Program Files\dotnet\sdk\9.0.201'.
TpTrace Information: 0 : 8720, 1, 2025/04/06, 12:47:09.110, 538862515489, vstest.console.dll, AssemblyResolver.OnResolve: Microsoft.VisualStudio.TestPlatform.Fakes: Assembly path does not exist: 'C:\Program Files\dotnet\sdk\9.0.201\Microsoft.VisualStudio.TestPlatform.Fakes.dll', returning.
TpTrace Information: 0 : 8720, 1, 2025/04/06, 12:47:09.110, 538862516462, vstest.console.dll, AssemblyResolver.OnResolve: Microsoft.VisualStudio.TestPlatform.Fakes: Assembly path does not exist: 'C:\Program Files\dotnet\sdk\9.0.201\Microsoft.VisualStudio.TestPlatform.Fakes.exe', returning.
TpTrace Information: 0 : 8720, 1, 2025/04/06, 12:47:09.110, 538862517103, vstest.console.dll, AssemblyResolver.OnResolve: Microsoft.VisualStudio.TestPlatform.Fakes: Failed to load assembly.
TpTrace Information: 0 : 8720, 1, 2025/04/06, 12:47:09.110, 538862522009, vstest.console.dll, Failed to load assembly Microsoft.VisualStudio.TestPlatform.Fakes, Version=17.0.0.0, Culture=neutral. Reason:System.IO.FileNotFoundException: Could not load file or assembly 'Microsoft.VisualStudio.TestPlatform.Fakes, Version=17.0.0.0, Culture=neutral, PublicKeyToken=null'. The system cannot find the file specified.
File name: 'Microsoft.VisualStudio.TestPlatform.Fakes, Version=17.0.0.0, Culture=neutral, PublicKeyToken=null'
   at System.Reflection.RuntimeAssembly.InternalLoad(AssemblyName assemblyName, StackCrawlMark& stackMark, AssemblyLoadContext assemblyLoadContext, RuntimeAssembly requestingAssembly, Boolean throwOnFileNotFound)
   at System.Reflection.Assembly.Load(AssemblyName assemblyRef)
   at Microsoft.VisualStudio.TestPlatform.Common.Utilities.FakesUtilities.LoadTestPlatformAssembly() in /_/src/Microsoft.TestPlatform.Common/Utilities/FakesUtilities.cs:line 273
TpTrace Verbose: 0 : 8720, 1, 2025/04/06, 12:47:09.112, 538862541973, vstest.console.dll, TestPluginCache: Update extensions started. Skip filter = False
TpTrace Verbose: 0 : 8720, 1, 2025/04/06, 12:47:09.114, 538862562255, vstest.console.dll, TestPluginCache: Using directories for assembly resolution 'C:\Users\pc\.nuget\packages\coverlet.collector\6.0.4\build\netstandard2.0'.
TpTrace Verbose: 0 : 8720, 1, 2025/04/06, 12:47:09.115, 538862563695, vstest.console.dll, TestPluginCache: Updated the available extensions to 'C:\Users\pc\.nuget\packages\coverlet.collector\6.0.4\build\netstandard2.0\coverlet.collector.dll'.
TpTrace Verbose: 0 : 8720, 1, 2025/04/06, 12:47:09.130, 538862720968, vstest.console.dll, TestEngine: Initializing Parallel Execution as MaxCpuCount is set to: 1
TpTrace Information: 0 : 8720, 1, 2025/04/06, 12:47:09.132, 538862735739, vstest.console.dll, TestPluginManager.CreateTestExtension: Attempting to load test extension: Microsoft.VisualStudio.TestPlatform.CrossPlatEngine.Hosting.DefaultTestHostManager
TpTrace Information: 0 : 8720, 1, 2025/04/06, 12:47:09.133, 538862745851, vstest.console.dll, TestPluginManager.CreateTestExtension: Attempting to load test extension: Microsoft.VisualStudio.TestPlatform.CrossPlatEngine.Hosting.DotnetTestHostManager
TpTrace Verbose: 0 : 8720, 1, 2025/04/06, 12:47:09.133, 538862749339, vstest.console.dll, TestHostManagerCallbacks.ctor: Forwarding output is enabled.
TpTrace Information: 0 : 8720, 1, 2025/04/06, 12:47:09.134, 538862754487, vstest.console.dll, InferRunSettingsHelper.IsTestSettingsEnabled: Unable to navigate to RunSettings/MSTest. Current node: RunSettings
TpTrace Verbose: 0 : 8720, 1, 2025/04/06, 12:47:09.134, 538862761204, vstest.console.dll, ParallelOperationManager.ClearSlots: Clearing all slots. Slots should accept more work: True
TpTrace Verbose: 0 : 8720, 1, 2025/04/06, 12:47:09.135, 538862767725, vstest.console.dll, ParallelOperationManager.SetOccupiedSlotCount: Setting slot counts AvailableSlotCount = 1, OccupiedSlotCount = 0.
TpTrace Verbose: 0 : 8720, 1, 2025/04/06, 12:47:09.135, 538862772506, vstest.console.dll, Occupied slots:

TpTrace Verbose: 0 : 8720, 1, 2025/04/06, 12:47:09.139, 538862811138, vstest.console.dll, TestEngine.GetExecutionManager: Chosen execution manager 'Microsoft.VisualStudio.TestPlatform.CrossPlatEngine.Client.Parallel.ParallelProxyExecutionManager, Microsoft.TestPlatform.CrossPlatEngine, Version=15.0.0.0, Culture=neutral, PublicKeyToken=b03f5f7f11d50a3a' ParallelLevel '1'.
TpTrace Verbose: 0 : 8720, 1, 2025/04/06, 12:47:09.140, 538862813868, vstest.console.dll, TestPlatform.GetSkipDefaultAdapters: Not skipping default adapters SkipDefaultAdapters was false.
TpTrace Verbose: 0 : 8720, 1, 2025/04/06, 12:47:09.140, 538862815126, vstest.console.dll, TestRunRequest.ExecuteAsync: Creating test run request.
TpTrace Verbose: 0 : 8720, 1, 2025/04/06, 12:47:09.140, 538862821036, vstest.console.dll, TestRunRequest.ExecuteAsync: Starting.
TpTrace Information: 0 : 8720, 1, 2025/04/06, 12:47:09.142, 538862841363, vstest.console.dll, TestRunRequest.ExecuteAsync: Starting run with settings:TestRunCriteria:
   KeepAlive=False,FrequencyOfRunStatsChangeEvent=10,RunStatsChangeEventTimeout=00:00:01.5000000,TestCaseFilter=,TestExecutorLauncher=
   Settingsxml=<RunSettings>
  <RunConfiguration>
    <ResultsDirectory>C:\Users\pc\EmployeeOnboard\EmployeeOnboard.Tests\TestResults</ResultsDirectory>
    <TargetPlatform>X64</TargetPlatform>
    <TargetFrameworkVersion>.NETCoreApp,Version=v8.0</TargetFrameworkVersion>
    <TestAdaptersPaths>C:\Users\pc\.nuget\packages\coverlet.collector\6.0.4\build\netstandard2.0\</TestAdaptersPaths>
    <DesignMode>False</DesignMode>
    <CollectSourceInformation>False</CollectSourceInformation>
  </RunConfiguration>
  <LoggerRunSettings>
    <Loggers>
      <Logger friendlyName="Console" assemblyQualifiedName="Microsoft.VisualStudio.TestPlatform.CommandLine.Internal.ConsoleLogger, vstest.console, Version=15.0.0.0, Culture=neutral, PublicKeyToken=b03f5f7f11d50a3a" codeBase="C:\Program Files\dotnet\sdk\9.0.201\vstest.console.dll" enabled="True">
        <Configuration>
          <Verbosity>minimal</Verbosity>
        </Configuration>
      </Logger>
    </Loggers>
  </LoggerRunSettings>
</RunSettings>

TpTrace Verbose: 0 : 8720, 1, 2025/04/06, 12:47:09.143, 538862842813, vstest.console.dll, TestRunRequest.ExecuteAsync: Wait for the first run request is over.
TpTrace Verbose: 0 : 8720, 1, 2025/04/06, 12:47:09.143, 538862846687, vstest.console.dll, MulticastDelegateUtilities.SafeInvoke: TestRun.TestRunStart: Invoking callbacks was skipped because there are no subscribers.
TpTrace Verbose: 0 : 8720, 4, 2025/04/06, 12:47:09.143, 538862849319, vstest.console.dll, MulticastDelegateUtilities.SafeInvoke: InternalTestLoggerEvents.SendTestRunStart: Invoking callback 1/1 for Microsoft.VisualStudio.TestPlatform.CommandLine.Internal.ConsoleLogger., took 0 ms.
TpTrace Verbose: 0 : 8720, 1, 2025/04/06, 12:47:09.145, 538862862910, vstest.console.dll, ParallelProxyExecutionManager: Start execution. Total sources: 1
TpTrace Verbose: 0 : 8720, 1, 2025/04/06, 12:47:09.145, 538862869703, vstest.console.dll, ParallelOperationManager.StartWork: Starting adding 1 workloads.
TpTrace Verbose: 0 : 8720, 1, 2025/04/06, 12:47:09.145, 538862871708, vstest.console.dll, ParallelOperationManager.ClearSlots: Clearing all slots. Slots should accept more work: True
TpTrace Verbose: 0 : 8720, 1, 2025/04/06, 12:47:09.146, 538862873060, vstest.console.dll, ParallelOperationManager.SetOccupiedSlotCount: Setting slot counts AvailableSlotCount = 1, OccupiedSlotCount = 0.
TpTrace Verbose: 0 : 8720, 1, 2025/04/06, 12:47:09.146, 538862873805, vstest.console.dll, Occupied slots:

TpTrace Verbose: 0 : 8720, 1, 2025/04/06, 12:47:09.148, 538862894594, vstest.console.dll, TestHostManagerCallbacks.ctor: Forwarding output is enabled.
TpTrace Verbose: 0 : 8720, 1, 2025/04/06, 12:47:09.148, 538862898933, vstest.console.dll, TestRequestSender is acting as server.
TpTrace Verbose: 0 : 8720, 1, 2025/04/06, 12:47:09.149, 538862904355, vstest.console.dll, ParallelOperationManager.RunWorkInParallel: Adding 1 workload to slot, remaining workloads 0.
TpTrace Verbose: 0 : 8720, 1, 2025/04/06, 12:47:09.149, 538862905771, vstest.console.dll, ParallelOperationManager.SetOccupiedSlotCount: Setting slot counts AvailableSlotCount = 0, OccupiedSlotCount = 1.
TpTrace Verbose: 0 : 8720, 1, 2025/04/06, 12:47:09.149, 538862907804, vstest.console.dll, Occupied slots:
0: C:\Users\pc\EmployeeOnboard\EmployeeOnboard.Tests\bin\Debug\net8.0\EmployeeOnboard.Tests.dll
TpTrace Verbose: 0 : 8720, 1, 2025/04/06, 12:47:09.151, 538862928171, vstest.console.dll, ParallelOperationManager.RunWorkInParallel: Started host in slot number 0 for work (source): C:\Users\pc\EmployeeOnboard\EmployeeOnboard.Tests\bin\Debug\net8.0\EmployeeOnboard.Tests.dll.
TpTrace Verbose: 0 : 8720, 1, 2025/04/06, 12:47:09.152, 538862939470, vstest.console.dll, ParallelOperationManager.RunWorkInParallel: We started 1 work items, which is the max parallel level. Won't start more work.
TpTrace Verbose: 0 : 8720, 1, 2025/04/06, 12:47:09.152, 538862940887, vstest.console.dll, ParallelOperationManager.RunWorkInParallel: We started 1 work items in here, returning True.
TpTrace Information: 0 : 8720, 1, 2025/04/06, 12:47:09.152, 538862941555, vstest.console.dll, TestRunRequest.ExecuteAsync: Started.
TpTrace Verbose: 0 : 8720, 5, 2025/04/06, 12:47:09.153, 538862942890, vstest.console.dll, ParallelProxyExecutionManager.StartTestRunOnConcurrentManager: Initializing uninitialized client. Started clients: 0
TpTrace Verbose: 0 : 8720, 5, 2025/04/06, 12:47:09.153, 538862943747, vstest.console.dll, ParallelProxyExecutionManager.StartTestRunOnConcurrentManager: Initializing test run. Started clients: 0
TpTrace Verbose: 0 : 8720, 5, 2025/04/06, 12:47:09.153, 538862945771, vstest.console.dll, ProxyExecutionManager: Test host is always Lazy initialize.
TpTrace Verbose: 0 : 8720, 1, 2025/04/06, 12:47:09.153, 538862949306, vstest.console.dll, TestRunRequest.WaitForCompletion: Waiting with timeout -1.
TpTrace Verbose: 0 : 8720, 5, 2025/04/06, 12:47:09.153, 538862950628, vstest.console.dll, TestRequestSender.InitializeCommunication: initialize communication. 
TpTrace Information: 0 : 8720, 5, 2025/04/06, 12:47:09.166, 538863074850, vstest.console.dll, SocketServer.Start: Listening on endpoint : 127.0.0.1:52530
TpTrace Verbose: 0 : 8720, 5, 2025/04/06, 12:47:09.174, 538863158222, vstest.console.dll, DotnetTestHostmanager.GetTestHostProcessStartInfo: Platform environment 'X64' target architecture 'X64' framework '.NETCoreApp,Version=v8.0' OS 'Windows'
TpTrace Verbose: 0 : 8720, 5, 2025/04/06, 12:47:09.175, 538863163435, vstest.console.dll, DotnetTestHostmanager: Adding  --runtimeconfig "C:\Users\pc\EmployeeOnboard\EmployeeOnboard.Tests\bin\Debug\net8.0\EmployeeOnboard.Tests.runtimeconfig.json" in args
TpTrace Verbose: 0 : 8720, 5, 2025/04/06, 12:47:09.175, 538863165202, vstest.console.dll, DotnetTestHostmanager: Adding  --depsfile "C:\Users\pc\EmployeeOnboard\EmployeeOnboard.Tests\bin\Debug\net8.0\EmployeeOnboard.Tests.deps.json" in args
TpTrace Verbose: 0 : 8720, 5, 2025/04/06, 12:47:09.175, 538863169417, vstest.console.dll, DotnetTestHostmanager.IsWinOnArm: Current PROCESSOR_ARCHITECTURE from environment variable 'AMD64'
TpTrace Verbose: 0 : 8720, 5, 2025/04/06, 12:47:09.175, 538863170629, vstest.console.dll, DotnetTestHostmanager.IsWinOnArm: Is Windows on ARM 'False'
TpTrace Verbose: 0 : 8720, 5, 2025/04/06, 12:47:09.175, 538863172385, vstest.console.dll, DotnetTestHostManager: testhost.exe found at path: C:\Users\pc\EmployeeOnboard\EmployeeOnboard.Tests\bin\Debug\net8.0\testhost.exe
TpTrace Verbose: 0 : 8720, 5, 2025/04/06, 12:47:09.176, 538863173076, vstest.console.dll, DotnetTestHostmanager: Full path of host exe is C:\Users\pc\EmployeeOnboard\EmployeeOnboard.Tests\bin\Debug\net8.0\testhost.exe
TpTrace Verbose: 0 : 8720, 5, 2025/04/06, 12:47:09.176, 538863175292, vstest.console.dll, DotnetTestHostmanager.LaunchTestHostAsync: Found 'VSTEST_WINAPPHOST_DOTNET_ROOT' in env variables, value 'C:\Program Files\dotnet', forwarding to 'DOTNET_ROOT'
TpTrace Verbose: 0 : 8720, 5, 2025/04/06, 12:47:09.176, 538863177661, vstest.console.dll, DotnetTestHostManager: Starting process 'C:\Users\pc\EmployeeOnboard\EmployeeOnboard.Tests\bin\Debug\net8.0\testhost.exe' with command line ' --runtimeconfig "C:\Users\pc\EmployeeOnboard\EmployeeOnboard.Tests\bin\Debug\net8.0\EmployeeOnboard.Tests.runtimeconfig.json" --depsfile "C:\Users\pc\EmployeeOnboard\EmployeeOnboard.Tests\bin\Debug\net8.0\EmployeeOnboard.Tests.deps.json" --port 52530 --endpoint 127.0.0.1:052530 --role client --parentprocessid 8720 --diag "C:\Users\pc\EmployeeOnboard\log.host.25-04-06_12-47-09_17396_5.txt" --tracelevel 4 --telemetryoptedin false'
TpTrace Verbose: 0 : 8720, 5, 2025/04/06, 12:47:09.194, 538863357747, vstest.console.dll, Test Runtime launched
TpTrace Verbose: 0 : 8720, 5, 2025/04/06, 12:47:09.194, 538863359352, vstest.console.dll, MulticastDelegateUtilities.SafeInvoke: HostProviderEvents.OnHostLaunched: Invoking callback 1/1 for Microsoft.VisualStudio.TestPlatform.CrossPlatEngine.Client.ProxyOperationManager., took 0 ms.
TpTrace Verbose: 0 : 8720, 5, 2025/04/06, 12:47:09.194, 538863361433, vstest.console.dll, TestRequestSender.WaitForRequestHandlerConnection: waiting for connection with timeout: 90000.
TpTrace Verbose: 0 : 8720, 12, 2025/04/06, 12:47:09.430, 538865721226, vstest.console.dll, MulticastDelegateUtilities.SafeInvoke: SocketServer: ClientConnected: Invoking callback 1/1 for Microsoft.VisualStudio.TestPlatform.CommunicationUtilities.TestRequestSender., took 0 ms.
TpTrace Verbose: 0 : 8720, 5, 2025/04/06, 12:47:09.430, 538865721226, vstest.console.dll, TestRequestSender.WaitForRequestHandlerConnection: waiting took 235 ms, with timeout 90000 ms, and result 0, which is success.
TpTrace Verbose: 0 : 8720, 12, 2025/04/06, 12:47:09.431, 538865722605, vstest.console.dll, SocketServer.OnClientConnected: Client connected for endPoint: 127.0.0.1:52530, starting MessageLoopAsync:
TpTrace Verbose: 0 : 8720, 12, 2025/04/06, 12:47:09.431, 538865730394, vstest.console.dll, TcpClientExtensions.MessageLoopAsync: Polling on remoteEndPoint: 127.0.0.1:52531 localEndPoint: 127.0.0.1:52530 after 0 ms
TpTrace Verbose: 0 : 8720, 5, 2025/04/06, 12:47:09.480, 538866216479, vstest.console.dll, TestRequestSender.CheckVersionWithTestHost: Sending check version message: {"MessageType":"ProtocolVersion","Payload":7}
TpTrace Verbose: 0 : 8720, 12, 2025/04/06, 12:47:09.627, 538867685721, vstest.console.dll, TcpClientExtensions.MessageLoopAsync: NotifyDataAvailable remoteEndPoint: 127.0.0.1:52531 localEndPoint: 127.0.0.1:52530
TpTrace Verbose: 0 : 8720, 12, 2025/04/06, 12:47:09.627, 538867691141, vstest.console.dll, TestRequestSender.CheckVersionWithTestHost: onMessageReceived received message: (ProtocolVersion) -> {"MessageType":"ProtocolVersion","Payload":7}
TpTrace Verbose: 0 : 8720, 12, 2025/04/06, 12:47:09.634, 538867758774, vstest.console.dll, MulticastDelegateUtilities.SafeInvoke: LengthPrefixCommunicationChannel: MessageReceived: Invoking callback 1/1 for Microsoft.VisualStudio.TestPlatform.CommunicationUtilities.TestRequestSender+<>c__DisplayClass29_0., took 6 ms.
TpTrace Verbose: 0 : 8720, 12, 2025/04/06, 12:47:09.634, 538867760655, vstest.console.dll, TcpClientExtensions.MessageLoopAsync: Polling on remoteEndPoint: 127.0.0.1:52531 localEndPoint: 127.0.0.1:52530 after 202 ms
TpTrace Verbose: 0 : 8720, 5, 2025/04/06, 12:47:09.634, 538867761118, vstest.console.dll, TestPluginCache.GetExtensionPaths: Filtered extension paths: 
TpTrace Verbose: 0 : 8720, 12, 2025/04/06, 12:47:09.634, 538867761769, vstest.console.dll, TcpClientExtensions.MessageLoopAsync: NotifyDataAvailable remoteEndPoint: 127.0.0.1:52531 localEndPoint: 127.0.0.1:52530
TpTrace Verbose: 0 : 8720, 5, 2025/04/06, 12:47:09.635, 538867762548, vstest.console.dll, TestPluginCache.GetExtensionPaths: Added default extension paths: C:\Program Files\dotnet\sdk\9.0.201\Extensions\Microsoft.Diagnostics.NETCore.Client.dll
C:\Program Files\dotnet\sdk\9.0.201\Extensions\Microsoft.TestPlatform.Extensions.BlameDataCollector.dll
C:\Program Files\dotnet\sdk\9.0.201\Extensions\Microsoft.TestPlatform.Extensions.EventLogCollector.dll
C:\Program Files\dotnet\sdk\9.0.201\Extensions\Microsoft.TestPlatform.TestHostRuntimeProvider.dll
C:\Program Files\dotnet\sdk\9.0.201\Extensions\Microsoft.VisualStudio.TestPlatform.Extensions.Html.TestLogger.dll
C:\Program Files\dotnet\sdk\9.0.201\Extensions\Microsoft.VisualStudio.TestPlatform.Extensions.Trx.TestLogger.dll
TpTrace Verbose: 0 : 8720, 5, 2025/04/06, 12:47:09.635, 538867763215, vstest.console.dll, TestPluginCache.GetExtensionPaths: Added unfilterableExtensionPaths: 
TpTrace Verbose: 0 : 8720, 5, 2025/04/06, 12:47:09.639, 538867811977, vstest.console.dll, TestRequestSender.InitializeExecution: Sending initialize execution with message: {"Version":7,"MessageType":"TestExecution.Initialize","Payload":["C:\\Users\\pc\\EmployeeOnboard\\EmployeeOnboard.Tests\\bin\\Debug\\net8.0\\xunit.runner.visualstudio.testadapter.dll"]}
TpTrace Verbose: 0 : 8720, 5, 2025/04/06, 12:47:09.640, 538867814377, vstest.console.dll, ParallelProxyExecutionManager.StartTestRunOnConcurrentManager: Execution starting. Started clients: 1
TpTrace Warning: 0 : 8720, 5, 2025/04/06, 12:47:09.640, 538867818358, vstest.console.dll, InferRunSettingsHelper.MakeRunsettingsCompatible: Removing the following settings: TargetPlatform from RunSettings file. To use those settings please move to latest version of Microsoft.NET.Test.Sdk
TpTrace Verbose: 0 : 8720, 12, 2025/04/06, 12:47:09.641, 538867829367, vstest.console.dll, TestRequestSender.OnExecutionMessageReceived: Received message: {"Version":7,"MessageType":"TestSession.Message","Payload":{"MessageLevel":0,"Message":"Logging TestHost Diagnostics in file: C:\\Users\\pc\\EmployeeOnboard\\log.host.25-04-06_12-47-09_17396_5.txt"}}
TpTrace Verbose: 0 : 8720, 12, 2025/04/06, 12:47:09.647, 538867888599, vstest.console.dll, TestRunRequest:SendTestRunMessage: Starting.
TpTrace Verbose: 0 : 8720, 12, 2025/04/06, 12:47:09.647, 538867891779, vstest.console.dll, MulticastDelegateUtilities.SafeInvoke: TestRun.LogMessages: Invoking callback 1/1 for Microsoft.VisualStudio.TestPlatform.CommandLine.TestRunResultAggregator., took 0 ms.
TpTrace Information: 0 : 8720, 12, 2025/04/06, 12:47:09.648, 538867892689, vstest.console.dll, TestRunRequest:SendTestRunMessage: Completed.
TpTrace Verbose: 0 : 8720, 12, 2025/04/06, 12:47:09.648, 538867893339, vstest.console.dll, MulticastDelegateUtilities.SafeInvoke: LengthPrefixCommunicationChannel: MessageReceived: Invoking callback 1/1 for Microsoft.VisualStudio.TestPlatform.CommunicationUtilities.TestRequestSender+<>c__DisplayClass34_0., took 6 ms.
TpTrace Verbose: 0 : 8720, 12, 2025/04/06, 12:47:09.648, 538867893944, vstest.console.dll, TcpClientExtensions.MessageLoopAsync: Polling on remoteEndPoint: 127.0.0.1:52531 localEndPoint: 127.0.0.1:52530 after 13 ms
TpTrace Verbose: 0 : 8720, 4, 2025/04/06, 12:47:09.648, 538867894024, vstest.console.dll, MulticastDelegateUtilities.SafeInvoke: InternalTestLoggerEvents.SendTestRunMessage: Invoking callback 1/1 for Microsoft.VisualStudio.TestPlatform.CommandLine.Internal.ConsoleLogger., took 0 ms.
TpTrace Verbose: 0 : 8720, 5, 2025/04/06, 12:47:09.651, 538867924613, vstest.console.dll, TestRequestSender.StartTestRun: Sending test run with message: {"Version":7,"MessageType":"TestExecution.StartWithSources","Payload":{"AdapterSourceMap":{"_none_":["C:\\Users\\pc\\EmployeeOnboard\\EmployeeOnboard.Tests\\bin\\Debug\\net8.0\\EmployeeOnboard.Tests.dll"]},"RunSettings":"<RunSettings>\r\n  <RunConfiguration>\r\n    <ResultsDirectory>C:\\Users\\pc\\EmployeeOnboard\\EmployeeOnboard.Tests\\TestResults</ResultsDirectory>\r\n    <TargetFrameworkVersion>.NETCoreApp,Version=v8.0</TargetFrameworkVersion>\r\n    <TestAdaptersPaths>C:\\Users\\pc\\.nuget\\packages\\coverlet.collector\\6.0.4\\build\\netstandard2.0\\</TestAdaptersPaths>\r\n    <DesignMode>False</DesignMode>\r\n    <CollectSourceInformation>False</CollectSourceInformation>\r\n  </RunConfiguration>\r\n  <LoggerRunSettings>\r\n    <Loggers>\r\n      <Logger friendlyName=\"Console\" assemblyQualifiedName=\"Microsoft.VisualStudio.TestPlatform.CommandLine.Internal.ConsoleLogger, vstest.console, Version=15.0.0.0, Culture=neutral, PublicKeyToken=b03f5f7f11d50a3a\" codeBase=\"C:\\Program Files\\dotnet\\sdk\\9.0.201\\vstest.console.dll\" enabled=\"True\">\r\n        <Configuration>\r\n          <Verbosity>minimal</Verbosity>\r\n        </Configuration>\r\n      </Logger>\r\n    </Loggers>\r\n  </LoggerRunSettings>\r\n</RunSettings>","TestExecutionContext":{"FrequencyOfRunStatsChangeEvent":10,"RunStatsChangeEventTimeout":"00:00:01.5000000","InIsolation":false,"KeepAlive":false,"AreTestCaseLevelEventsRequired":false,"IsDebug":false,"TestCaseFilter":null,"FilterOptions":null},"Package":null}}
TpTrace Verbose: 0 : 8720, 5, 2025/04/06, 12:47:09.651, 538867926413, vstest.console.dll, ParallelProxyExecutionManager.StartTestRunOnConcurrentManager: Execution started. Started clients: 1
TpTrace Verbose: 0 : 8720, 12, 2025/04/06, 12:47:09.882, 538870241375, vstest.console.dll, TcpClientExtensions.MessageLoopAsync: NotifyDataAvailable remoteEndPoint: 127.0.0.1:52531 localEndPoint: 127.0.0.1:52530
TpTrace Verbose: 0 : 8720, 12, 2025/04/06, 12:47:09.883, 538870243338, vstest.console.dll, TestRequestSender.OnExecutionMessageReceived: Received message: {"Version":7,"MessageType":"TestSession.Message","Payload":{"MessageLevel":0,"Message":"[xUnit.net 00:00:00.00] xUnit.net VSTest Adapter v3.0.2+dd36e86129 (64-bit .NET 8.0.14)"}}
TpTrace Verbose: 0 : 8720, 12, 2025/04/06, 12:47:09.883, 538870246445, vstest.console.dll, TestRunRequest:SendTestRunMessage: Starting.
TpTrace Verbose: 0 : 8720, 12, 2025/04/06, 12:47:09.883, 538870247726, vstest.console.dll, MulticastDelegateUtilities.SafeInvoke: TestRun.LogMessages: Invoking callback 1/1 for Microsoft.VisualStudio.TestPlatform.CommandLine.TestRunResultAggregator., took 0 ms.
TpTrace Verbose: 0 : 8720, 4, 2025/04/06, 12:47:09.883, 538870247971, vstest.console.dll, MulticastDelegateUtilities.SafeInvoke: InternalTestLoggerEvents.SendTestRunMessage: Invoking callback 1/1 for Microsoft.VisualStudio.TestPlatform.CommandLine.Internal.ConsoleLogger., took 0 ms.
TpTrace Information: 0 : 8720, 12, 2025/04/06, 12:47:09.883, 538870248339, vstest.console.dll, TestRunRequest:SendTestRunMessage: Completed.
TpTrace Verbose: 0 : 8720, 12, 2025/04/06, 12:47:09.883, 538870249782, vstest.console.dll, MulticastDelegateUtilities.SafeInvoke: LengthPrefixCommunicationChannel: MessageReceived: Invoking callback 1/1 for Microsoft.VisualStudio.TestPlatform.CommunicationUtilities.TestRequestSender+<>c__DisplayClass34_0., took 0 ms.
TpTrace Verbose: 0 : 8720, 12, 2025/04/06, 12:47:09.883, 538870250335, vstest.console.dll, TcpClientExtensions.MessageLoopAsync: Polling on remoteEndPoint: 127.0.0.1:52531 localEndPoint: 127.0.0.1:52530 after 235 ms
TpTrace Verbose: 0 : 8720, 12, 2025/04/06, 12:47:10.002, 538871439819, vstest.console.dll, TcpClientExtensions.MessageLoopAsync: NotifyDataAvailable remoteEndPoint: 127.0.0.1:52531 localEndPoint: 127.0.0.1:52530
TpTrace Verbose: 0 : 8720, 12, 2025/04/06, 12:47:10.002, 538871442419, vstest.console.dll, TestRequestSender.OnExecutionMessageReceived: Received message: {"Version":7,"MessageType":"TestSession.Message","Payload":{"MessageLevel":0,"Message":"[xUnit.net 00:00:00.12]   Discovering: EmployeeOnboard.Tests"}}
TpTrace Verbose: 0 : 8720, 12, 2025/04/06, 12:47:10.003, 538871444561, vstest.console.dll, TestRunRequest:SendTestRunMessage: Starting.
TpTrace Verbose: 0 : 8720, 12, 2025/04/06, 12:47:10.003, 538871445892, vstest.console.dll, MulticastDelegateUtilities.SafeInvoke: TestRun.LogMessages: Invoking callback 1/1 for Microsoft.VisualStudio.TestPlatform.CommandLine.TestRunResultAggregator., took 0 ms.
TpTrace Verbose: 0 : 8720, 4, 2025/04/06, 12:47:10.003, 538871446153, vstest.console.dll, MulticastDelegateUtilities.SafeInvoke: InternalTestLoggerEvents.SendTestRunMessage: Invoking callback 1/1 for Microsoft.VisualStudio.TestPlatform.CommandLine.Internal.ConsoleLogger., took 0 ms.
TpTrace Information: 0 : 8720, 12, 2025/04/06, 12:47:10.003, 538871446921, vstest.console.dll, TestRunRequest:SendTestRunMessage: Completed.
TpTrace Verbose: 0 : 8720, 12, 2025/04/06, 12:47:10.003, 538871448645, vstest.console.dll, MulticastDelegateUtilities.SafeInvoke: LengthPrefixCommunicationChannel: MessageReceived: Invoking callback 1/1 for Microsoft.VisualStudio.TestPlatform.CommunicationUtilities.TestRequestSender+<>c__DisplayClass34_0., took 0 ms.
TpTrace Verbose: 0 : 8720, 12, 2025/04/06, 12:47:10.003, 538871449522, vstest.console.dll, TcpClientExtensions.MessageLoopAsync: Polling on remoteEndPoint: 127.0.0.1:52531 localEndPoint: 127.0.0.1:52530 after 119 ms
TpTrace Verbose: 0 : 8720, 12, 2025/04/06, 12:47:10.017, 538871586397, vstest.console.dll, TcpClientExtensions.MessageLoopAsync: NotifyDataAvailable remoteEndPoint: 127.0.0.1:52531 localEndPoint: 127.0.0.1:52530
TpTrace Verbose: 0 : 8720, 12, 2025/04/06, 12:47:10.017, 538871588514, vstest.console.dll, TestRequestSender.OnExecutionMessageReceived: Received message: {"Version":7,"MessageType":"TestSession.Message","Payload":{"MessageLevel":0,"Message":"[xUnit.net 00:00:00.14]   Discovered:  EmployeeOnboard.Tests"}}
TpTrace Verbose: 0 : 8720, 12, 2025/04/06, 12:47:10.017, 538871590511, vstest.console.dll, TestRunRequest:SendTestRunMessage: Starting.
TpTrace Verbose: 0 : 8720, 12, 2025/04/06, 12:47:10.017, 538871591693, vstest.console.dll, MulticastDelegateUtilities.SafeInvoke: TestRun.LogMessages: Invoking callback 1/1 for Microsoft.VisualStudio.TestPlatform.CommandLine.TestRunResultAggregator., took 0 ms.
TpTrace Verbose: 0 : 8720, 4, 2025/04/06, 12:47:10.017, 538871591941, vstest.console.dll, MulticastDelegateUtilities.SafeInvoke: InternalTestLoggerEvents.SendTestRunMessage: Invoking callback 1/1 for Microsoft.VisualStudio.TestPlatform.CommandLine.Internal.ConsoleLogger., took 0 ms.
TpTrace Information: 0 : 8720, 12, 2025/04/06, 12:47:10.017, 538871592396, vstest.console.dll, TestRunRequest:SendTestRunMessage: Completed.
TpTrace Verbose: 0 : 8720, 12, 2025/04/06, 12:47:10.018, 538871593752, vstest.console.dll, MulticastDelegateUtilities.SafeInvoke: LengthPrefixCommunicationChannel: MessageReceived: Invoking callback 1/1 for Microsoft.VisualStudio.TestPlatform.CommunicationUtilities.TestRequestSender+<>c__DisplayClass34_0., took 0 ms.
TpTrace Verbose: 0 : 8720, 12, 2025/04/06, 12:47:10.018, 538871594508, vstest.console.dll, TcpClientExtensions.MessageLoopAsync: Polling on remoteEndPoint: 127.0.0.1:52531 localEndPoint: 127.0.0.1:52530 after 14 ms
TpTrace Verbose: 0 : 8720, 12, 2025/04/06, 12:47:10.023, 538871651298, vstest.console.dll, TcpClientExtensions.MessageLoopAsync: NotifyDataAvailable remoteEndPoint: 127.0.0.1:52531 localEndPoint: 127.0.0.1:52530
TpTrace Verbose: 0 : 8720, 12, 2025/04/06, 12:47:10.024, 538871652991, vstest.console.dll, TestRequestSender.OnExecutionMessageReceived: Received message: {"Version":7,"MessageType":"TestSession.Message","Payload":{"MessageLevel":1,"Message":"No test is available in C:\\Users\\pc\\EmployeeOnboard\\EmployeeOnboard.Tests\\bin\\Debug\\net8.0\\EmployeeOnboard.Tests.dll. Make sure that test discoverer & executors are registered and platform & framework version settings are appropriate and try again."}}
TpTrace Verbose: 0 : 8720, 12, 2025/04/06, 12:47:10.024, 538871654480, vstest.console.dll, TestRunRequest:SendTestRunMessage: Starting.
TpTrace Verbose: 0 : 8720, 12, 2025/04/06, 12:47:10.024, 538871655272, vstest.console.dll, MulticastDelegateUtilities.SafeInvoke: TestRun.LogMessages: Invoking callback 1/1 for Microsoft.VisualStudio.TestPlatform.CommandLine.TestRunResultAggregator., took 0 ms.
TpTrace Information: 0 : 8720, 12, 2025/04/06, 12:47:10.024, 538871657526, vstest.console.dll, TestRunRequest:SendTestRunMessage: Completed.
TpTrace Verbose: 0 : 8720, 12, 2025/04/06, 12:47:10.024, 538871658264, vstest.console.dll, MulticastDelegateUtilities.SafeInvoke: LengthPrefixCommunicationChannel: MessageReceived: Invoking callback 1/1 for Microsoft.VisualStudio.TestPlatform.CommunicationUtilities.TestRequestSender+<>c__DisplayClass34_0., took 0 ms.
TpTrace Verbose: 0 : 8720, 4, 2025/04/06, 12:47:10.024, 538871658584, vstest.console.dll, MulticastDelegateUtilities.SafeInvoke: InternalTestLoggerEvents.SendTestRunMessage: Invoking callback 1/1 for Microsoft.VisualStudio.TestPlatform.CommandLine.Internal.ConsoleLogger., took 0 ms.
TpTrace Verbose: 0 : 8720, 12, 2025/04/06, 12:47:10.024, 538871658893, vstest.console.dll, TcpClientExtensions.MessageLoopAsync: Polling on remoteEndPoint: 127.0.0.1:52531 localEndPoint: 127.0.0.1:52530 after 6 ms
TpTrace Verbose: 0 : 8720, 12, 2025/04/06, 12:47:10.083, 538872252214, vstest.console.dll, TcpClientExtensions.MessageLoopAsync: NotifyDataAvailable remoteEndPoint: 127.0.0.1:52531 localEndPoint: 127.0.0.1:52530
TpTrace Verbose: 0 : 8720, 12, 2025/04/06, 12:47:10.084, 538872254179, vstest.console.dll, TestRequestSender.OnExecutionMessageReceived: Received message: {"Version":7,"MessageType":"TestExecution.Completed","Payload":{"TestRunCompleteArgs":{"TestRunStatistics":{"ExecutedTests":0,"Stats":{}},"IsCanceled":false,"IsAborted":false,"Error":null,"AttachmentSets":[],"InvokedDataCollectors":[],"ElapsedTimeInRunningTests":"00:00:00.1588901","Metrics":{},"DiscoveredExtensions":{"TestDiscoverers":["Xunit.Runner.VisualStudio.VsTestRunner, xunit.runner.visualstudio.testadapter, Version=3.0.2.0, Culture=neutral, PublicKeyToken=null"],"TestExecutors":["executor://xunit/VsTestRunner3/netcore/"],"TestExecutors2":[],"TestSettingsProviders":[]}},"LastRunTests":{"NewTestResults":[],"TestRunStatistics":{"ExecutedTests":0,"Stats":{}},"ActiveTests":[]},"RunAttachments":[],"ExecutorUris":[]}}
TpTrace Verbose: 0 : 8720, 12, 2025/04/06, 12:47:10.084, 538872255418, vstest.console.dll, TestRequestSender.EndSession: Sending end session.
TpTrace Verbose: 0 : 8720, 12, 2025/04/06, 12:47:10.084, 538872257183, vstest.console.dll, ProxyOperationManager.Close: waiting for test host to exit for 100 ms
TpTrace Warning: 0 : 8720, 10, 2025/04/06, 12:47:10.114, 538872557294, vstest.console.dll, TestHostManagerCallbacks.ErrorReceivedCallback Test host standard error line: 
TpTrace Verbose: 0 : 8720, 11, 2025/04/06, 12:47:10.114, 538872557294, vstest.console.dll, TestHostManagerCallbacks.StandardOutputReceivedCallback Test host standard output line: 
TpTrace Verbose: 0 : 8720, 11, 2025/04/06, 12:47:10.130, 538872716408, vstest.console.dll, TestHostProvider.ExitCallBack: Host exited starting callback.
TpTrace Information: 0 : 8720, 11, 2025/04/06, 12:47:10.130, 538872720504, vstest.console.dll, TestHostManagerCallbacks.ExitCallBack: Testhost processId: 14352 exited with exitcode: 0 error: ''
TpTrace Verbose: 0 : 8720, 11, 2025/04/06, 12:47:10.130, 538872721553, vstest.console.dll, DotnetTestHostManager.OnHostExited: invoking OnHostExited callback
TpTrace Verbose: 0 : 8720, 11, 2025/04/06, 12:47:10.131, 538872722636, vstest.console.dll, CrossPlatEngine.TestHostManagerHostExited: calling on client process exit callback.
TpTrace Information: 0 : 8720, 11, 2025/04/06, 12:47:10.131, 538872723618, vstest.console.dll, TestRequestSender.OnClientProcessExit: Test host process exited. Standard error: 
TpTrace Information: 0 : 8720, 12, 2025/04/06, 12:47:10.131, 538872723896, vstest.console.dll, SocketServer.Stop: Stop server endPoint: 127.0.0.1:52530
TpTrace Information: 0 : 8720, 11, 2025/04/06, 12:47:10.131, 538872724275, vstest.console.dll, SocketServer.Stop: Stop server endPoint: 127.0.0.1:52530
TpTrace Information: 0 : 8720, 12, 2025/04/06, 12:47:10.131, 538872725882, vstest.console.dll, SocketServer.Stop: Cancellation requested. Stopping message loop.
TpTrace Information: 0 : 8720, 11, 2025/04/06, 12:47:10.131, 538872726520, vstest.console.dll, SocketServer.Stop: Cancellation requested. Stopping message loop.
TpTrace Verbose: 0 : 8720, 11, 2025/04/06, 12:47:10.131, 538872727919, vstest.console.dll, MulticastDelegateUtilities.SafeInvoke: HostProviderEvents.OnHostExited: Invoking callback 1/1 for Microsoft.VisualStudio.TestPlatform.CrossPlatEngine.Client.ProxyOperationManager., took 0 ms.
TpTrace Information: 0 : 8720, 12, 2025/04/06, 12:47:10.131, 538872729464, vstest.console.dll, Closing the connection
TpTrace Verbose: 0 : 8720, 12, 2025/04/06, 12:47:10.165, 538873070219, vstest.console.dll, ParallelRunEventsHandler.HandleTestRunComplete: Handling a run completion, this can be either one part of parallel run completing, or the whole parallel run completing.
TpTrace Verbose: 0 : 8720, 12, 2025/04/06, 12:47:10.170, 538873117810, vstest.console.dll, TestRunRequest:SendTestRunStatsChange: Starting.
TpTrace Verbose: 0 : 8720, 12, 2025/04/06, 12:47:10.170, 538873120031, vstest.console.dll, MulticastDelegateUtilities.SafeInvoke: TestRun.RunStatsChanged: Invoking callbacks was skipped because there are no subscribers.
TpTrace Information: 0 : 8720, 12, 2025/04/06, 12:47:10.170, 538873120696, vstest.console.dll, TestRunRequest:SendTestRunStatsChange: Completed.
TpTrace Verbose: 0 : 8720, 12, 2025/04/06, 12:47:10.171, 538873126331, vstest.console.dll, ParallelProxyExecutionManager: HandlePartialRunComplete: Total workloads = 1, Total started clients = 1 Total completed clients = 1, Run complete = True, Run canceled: False.
TpTrace Verbose: 0 : 8720, 12, 2025/04/06, 12:47:10.171, 538873127607, vstest.console.dll, ParallelProxyExecutionManager: HandlePartialRunComplete: All runs completed stopping all managers.
TpTrace Verbose: 0 : 8720, 12, 2025/04/06, 12:47:10.171, 538873128317, vstest.console.dll, ParallelOperationManager.StopAllManagers: Stopping all managers.
TpTrace Verbose: 0 : 8720, 12, 2025/04/06, 12:47:10.171, 538873128899, vstest.console.dll, ParallelOperationManager.ClearSlots: Clearing all slots. Slots should accept more work: False
TpTrace Verbose: 0 : 8720, 12, 2025/04/06, 12:47:10.171, 538873129625, vstest.console.dll, ParallelOperationManager.SetOccupiedSlotCount: Setting slot counts AvailableSlotCount = 1, OccupiedSlotCount = 0.
TpTrace Verbose: 0 : 8720, 12, 2025/04/06, 12:47:10.171, 538873130328, vstest.console.dll, Occupied slots:

TpTrace Verbose: 0 : 8720, 12, 2025/04/06, 12:47:10.171, 538873130857, vstest.console.dll, ParallelRunEventsHandler.HandleTestRunComplete: Whole parallel run completed.
TpTrace Verbose: 0 : 8720, 4, 2025/04/06, 12:47:10.182, 538873233592, vstest.console.dll, MulticastDelegateUtilities.SafeInvoke: InternalTestLoggerEvents.SendTestRunComplete: Invoking callback 1/1 for Microsoft.VisualStudio.TestPlatform.CommandLine.Internal.ConsoleLogger., took 5 ms.
TpTrace Verbose: 0 : 8720, 12, 2025/04/06, 12:47:10.182, 538873238142, vstest.console.dll, TestRunRequest:TestRunComplete: Starting. IsAborted:False IsCanceled:False.
TpTrace Verbose: 0 : 8720, 12, 2025/04/06, 12:47:10.182, 538873242359, vstest.console.dll, ParallelOperationManager.DoActionOnAllManagers: Calling an action on all managers.
TpTrace Verbose: 0 : 8720, 12, 2025/04/06, 12:47:10.185, 538873262756, vstest.console.dll, TestLoggerManager.HandleTestRunComplete: Ignoring as the object is disposed.
TpTrace Verbose: 0 : 8720, 12, 2025/04/06, 12:47:10.186, 538873272687, vstest.console.dll, MulticastDelegateUtilities.SafeInvoke: TestRun.TestRunComplete: Invoking callback 1/2 for Microsoft.VisualStudio.TestPlatform.CommandLine.TestRunResultAggregator., took 0 ms.
TpTrace Verbose: 0 : 8720, 12, 2025/04/06, 12:47:10.186, 538873275015, vstest.console.dll, MulticastDelegateUtilities.SafeInvoke: TestRun.TestRunComplete: Invoking callback 2/2 for Microsoft.VisualStudio.TestPlatform.CommandLine.Processors.RunTestsArgumentExecutor+TestRunRequestEventsRegistrar., took 0 ms.
TpTrace Information: 0 : 8720, 12, 2025/04/06, 12:47:10.186, 538873276378, vstest.console.dll, TestRunRequest:TestRunComplete: Completed.
TpTrace Verbose: 0 : 8720, 1, 2025/04/06, 12:47:10.186, 538873276862, vstest.console.dll, TestRunRequest.Dispose: Starting.
TpTrace Verbose: 0 : 8720, 12, 2025/04/06, 12:47:10.186, 538873276974, vstest.console.dll, TestRequestSender.SetOperationComplete: Setting operation complete.
TpTrace Information: 0 : 8720, 12, 2025/04/06, 12:47:10.186, 538873277498, vstest.console.dll, SocketServer.Stop: Stop server endPoint: 127.0.0.1:52530
TpTrace Information: 0 : 8720, 1, 2025/04/06, 12:47:10.186, 538873277703, vstest.console.dll, TestRunRequest.Dispose: Completed.
TpTrace Information: 0 : 8720, 12, 2025/04/06, 12:47:10.186, 538873277885, vstest.console.dll, SocketServer.Stop: Cancellation requested. Stopping message loop.
TpTrace Verbose: 0 : 8720, 12, 2025/04/06, 12:47:10.186, 538873278439, vstest.console.dll, MulticastDelegateUtilities.SafeInvoke: LengthPrefixCommunicationChannel: MessageReceived: Invoking callback 1/1 for Microsoft.VisualStudio.TestPlatform.CommunicationUtilities.TestRequestSender+<>c__DisplayClass34_0., took 102 ms.
TpTrace Information: 0 : 8720, 1, 2025/04/06, 12:47:10.186, 538873278616, vstest.console.dll, TestRequestManager.RunTests: run tests completed.
TpTrace Information: 0 : 8720, 12, 2025/04/06, 12:47:10.186, 538873279021, vstest.console.dll, SocketServer.PrivateStop: Stopping server endPoint: 127.0.0.1:52530 error: 
TpTrace Information: 0 : 8720, 1, 2025/04/06, 12:47:10.186, 538873280080, vstest.console.dll, RunTestsArgumentProcessor:Execute: Test run is completed.
TpTrace Verbose: 0 : 8720, 1, 2025/04/06, 12:47:10.187, 538873283969, vstest.console.dll, Executor.Execute: Exiting with exit code of 0
TpTrace Verbose: 0 : 8720, 12, 2025/04/06, 12:47:10.187, 538873285045, vstest.console.dll, LengthPrefixCommunicationChannel.Dispose: Dispose reader and writer.
TpTrace Information: 0 : 8720, 12, 2025/04/06, 12:47:10.187, 538873286567, vstest.console.dll, SocketServer.Stop: Raise disconnected event endPoint: 127.0.0.1:52530 error: 
TpTrace Verbose: 0 : 8720, 12, 2025/04/06, 12:47:10.187, 538873287944, vstest.console.dll, TestRequestSender: OnTestRunAbort: Operation is already complete. Skip error message.
TpTrace Verbose: 0 : 8720, 12, 2025/04/06, 12:47:10.187, 538873288651, vstest.console.dll, MulticastDelegateUtilities.SafeInvoke: SocketServer: ClientDisconnected: Invoking callback 1/1 for Microsoft.VisualStudio.TestPlatform.CommunicationUtilities.TestRequestSender., took 0 ms.
TpTrace Verbose: 0 : 8720, 12, 2025/04/06, 12:47:10.187, 538873289215, vstest.console.dll, TcpClientExtensions.MessageLoopAsync: exiting MessageLoopAsync remoteEndPoint: 127.0.0.1:52531 localEndPoint: 127.0.0.1:52530
